<?xml version="1.0" encoding="UTF-8"?>
<testsuite name="test.Anna.lessons.PointTests" tests="1" skipped="0" failures="0" errors="0" timestamp="2021-07-12T18:52:54" hostname="Annas-MBP.mshome.net" time="0.003">
  <properties/>
  <testcase name="testDistance" classname="test.Anna.lessons.PointTests" time="0.003"/>
  <system-out><![CDATA[]]></system-out>
  <system-err><![CDATA[]]></system-err>
</testsuite>
